2026-03-03 20:17:15,107 INFO calc op=add a=1.0 b=2.0 result=3.0
2026-03-03 20:17:15,132 INFO calc op=add a=2 b=3 result=5
2026-03-03 20:17:15,139 INFO calc op=add a=2 b=3 result=10
2026-03-03 20:17:15,141 INFO history_loaded {'path': '/private/var/folders/b8/tz2yfqq505z65f1m_gzkrb500000gn/T/pytest-of-sullyyildiz/pytest-3/test_run_repl_auto_load_succes0/history.csv', 'rows': 1}
2026-03-03 20:17:15,143 INFO calc op=add a=2 b=3 result=5
2026-03-03 20:17:15,144 INFO calc op=add a=2 b=3 result=10
2026-03-03 20:21:32,032 INFO calc op=add a=1.0 b=2.0 result=3.0
2026-03-03 20:21:32,036 INFO calc op=add a=2 b=3 result=5
2026-03-03 20:21:32,037 INFO calc op=add a=2 b=3 result=5
2026-03-03 20:21:32,041 INFO calc op=add a=2 b=3 result=5
2026-03-03 20:21:32,043 INFO calc op=add a=2 b=3 result=10
2026-03-03 20:21:32,045 INFO history_loaded {'path': '/private/var/folders/b8/tz2yfqq505z65f1m_gzkrb500000gn/T/pytest-of-sullyyildiz/pytest-4/test_run_repl_auto_load_succes0/history.csv', 'rows': 1}
2026-03-03 20:21:32,047 INFO calc op=add a=2 b=3 result=5
2026-03-03 20:21:32,048 INFO calc op=add a=2 b=3 result=10
2026-03-03 20:22:54,226 INFO calc op=add a=1.0 b=2.0 result=3.0
2026-03-03 20:22:54,233 INFO calc op=add a=2 b=3 result=5
2026-03-03 20:22:54,235 INFO calc op=add a=2 b=3 result=5
2026-03-03 20:22:54,245 INFO calc op=add a=2 b=3 result=5
2026-03-03 20:22:54,247 INFO calc op=add a=2 b=3 result=10
2026-03-03 20:22:54,251 INFO history_loaded {'path': '/private/var/folders/b8/tz2yfqq505z65f1m_gzkrb500000gn/T/pytest-of-sullyyildiz/pytest-5/test_run_repl_auto_load_succes0/history.csv', 'rows': 1}
2026-03-03 20:22:54,255 INFO calc op=add a=2 b=3 result=5
2026-03-03 20:22:54,257 INFO calc op=add a=2 b=3 result=10
2026-03-03 20:28:44,146 INFO calc op=add a=1.0 b=2.0 result=3.0
2026-03-03 20:28:47,084 INFO calc op=div a=4.0 b=6.0 result=0.6666666666666666
2026-03-03 20:28:52,816 INFO undo {'rows': 1}
2026-03-03 20:29:15,867 INFO calc op=root a=27.0 b=3.0 result=3.0
2026-03-03 20:29:19,134 INFO history_saved {'path': 'history.csv'}
2026-03-03 20:30:33,407 INFO history_loaded {'path': 'history.csv', 'rows': 2}
2026-03-03 20:35:00,737 INFO history_loaded {'path': 'history.csv', 'rows': 2}
2026-03-03 20:35:10,392 INFO calc op=pow a=1.0 b=5.0 result=1.0
2026-03-03 20:35:13,915 INFO calc op=pow a=4.0 b=6.0 result=4096.0
2026-03-03 20:35:15,713 INFO calc op=pow a=5.0 b=9.0 result=1953125.0
2026-03-03 20:37:22,372 INFO calc op=add a=1.0 b=2.0 result=3.0
2026-03-03 20:37:22,376 INFO calc op=add a=2 b=3 result=5
2026-03-03 20:37:22,377 INFO calc op=add a=2 b=3 result=5
2026-03-03 20:37:22,381 INFO calc op=add a=2 b=3 result=5
2026-03-03 20:37:22,382 INFO calc op=add a=2 b=3 result=10
2026-03-03 20:37:22,384 INFO history_loaded {'path': '/private/var/folders/b8/tz2yfqq505z65f1m_gzkrb500000gn/T/pytest-of-sullyyildiz/pytest-6/test_run_repl_auto_load_succes0/history.csv', 'rows': 1}
2026-03-03 20:37:22,387 INFO calc op=add a=2 b=3 result=5
2026-03-03 20:37:22,388 INFO calc op=add a=2 b=3 result=10
2026-03-03 20:37:29,008 INFO history_loaded {'path': 'history.csv', 'rows': 2}
2026-03-03 20:44:14,898 INFO history_loaded {'path': 'history.csv', 'rows': 2}
2026-03-03 20:44:32,514 INFO calc op=add a=1.0 b=2.0 result=3.0
2026-03-03 20:44:48,779 INFO calc op=add a=1.0 b=2.0 result=3.0
2026-03-03 20:44:48,784 INFO calc op=add a=2 b=3 result=5
2026-03-03 20:44:48,785 INFO calc op=add a=2 b=3 result=5
2026-03-03 20:44:48,790 INFO calc op=add a=2 b=3 result=5
2026-03-03 20:44:48,791 INFO calc op=add a=2 b=3 result=10
2026-03-03 20:44:48,793 INFO history_loaded {'path': '/private/var/folders/b8/tz2yfqq505z65f1m_gzkrb500000gn/T/pytest-of-sullyyildiz/pytest-7/test_run_repl_auto_load_succes0/history.csv', 'rows': 1}
2026-03-03 20:44:48,795 INFO calc op=add a=2 b=3 result=5
2026-03-03 20:44:48,796 INFO calc op=add a=2 b=3 result=10
2026-03-03 20:50:17,773 INFO calc op=add a=1.0 b=2.0 result=3.0
2026-03-03 20:50:17,776 INFO calc op=add a=2 b=3 result=5
2026-03-03 20:50:17,777 INFO calc op=add a=2 b=3 result=5
2026-03-03 20:50:17,782 INFO calc op=add a=2 b=3 result=5
2026-03-03 20:50:17,783 INFO calc op=add a=2 b=3 result=10
2026-03-03 20:50:17,785 INFO history_loaded {'path': '/private/var/folders/b8/tz2yfqq505z65f1m_gzkrb500000gn/T/pytest-of-sullyyildiz/pytest-8/test_run_repl_auto_load_succes0/history.csv', 'rows': 1}
2026-03-03 20:50:17,788 INFO calc op=add a=2 b=3 result=5
2026-03-03 20:50:17,789 INFO calc op=add a=2 b=3 result=10
2026-03-03 20:54:17,041 INFO calc op=add a=1.0 b=2.0 result=3.0
2026-03-03 20:54:17,050 INFO calc op=add a=2 b=3 result=5
2026-03-03 20:54:17,051 INFO calc op=add a=2 b=3 result=5
2026-03-03 20:54:17,062 INFO calc op=add a=2 b=3 result=5
2026-03-03 20:54:17,064 INFO calc op=add a=2 b=3 result=10
2026-03-03 20:54:17,068 INFO history_loaded {'path': '/private/var/folders/b8/tz2yfqq505z65f1m_gzkrb500000gn/T/pytest-of-sullyyildiz/pytest-9/test_run_repl_auto_load_succes0/history.csv', 'rows': 1}
2026-03-03 20:54:17,073 INFO calc op=add a=2 b=3 result=5
2026-03-03 20:54:17,076 INFO calc op=add a=2 b=3 result=10
